# JRE version: 7.0_25-b17
# Java VM: Java HotSpot(TM) 64-Bit Server VM (23.25-b01 mixed mode windows-amd64 compressed oops)
Heap
 PSYoungGen      total 342208K, used 341760K [0x00000000eb160000, 0x0000000100000000, 0x0000000100000000)
  eden space 341760K, 100% used [0x00000000eb160000,0x00000000fff20000,0x00000000fff20000)
  from space 448K, 0% used [0x00000000fff90000,0x00000000fff90000,0x0000000100000000)
  to   space 448K, 0% used [0x00000000fff20000,0x00000000fff20000,0x00000000fff90000)
 ParOldGen       total 29632K, used 5342K [0x00000000c1400000, 0x00000000c30f0000, 0x00000000eb160000)
  object space 29632K, 18% used [0x00000000c1400000,0x00000000c1937960,0x00000000c30f0000)
 PSPermGen       total 26560K, used 13131K [0x00000000bc200000, 0x00000000bdbf0000, 0x00000000c1400000)
  object space 26560K, 49% used [0x00000000bc200000,0x00000000bced2fb0,0x00000000bdbf0000)
GC Heap History (10 events):
Event: 5.806 GC heap before
{Heap before GC invocations=409 (full 0):
 PSYoungGen      total 342016K, used 342016K [0x00000000eb160000, 0x0000000100000000, 0x0000000100000000)
  eden space 341760K, 100% used [0x00000000eb160000,0x00000000fff20000,0x00000000fff20000)
  from space 256K, 100% used [0x00000000fffc0000,0x0000000100000000,0x0000000100000000)
  to   space 448K, 0% used [0x00000000fff20000,0x00000000fff20000,0x00000000fff90000)
 ParOldGen       total 42880K, used 20488K [0x00000000c1400000, 0x00000000c3de0000, 0x00000000eb160000)
  object space 42880K, 47% used [0x00000000c1400000,0x00000000c2802090,0x00000000c3de0000)
 PSPermGen       total 21248K, used 13136K [0x00000000bc200000, 0x00000000bd6c0000, 0x00000000c1400000)
  object space 21248K, 61% used [0x00000000bc200000,0x00000000bced43f0,0x00000000bd6c0000)
Event: 5.808 GC heap after
Heap after GC invocations=409 (full 0):
 PSYoungGen      total 342208K, used 256K [0x00000000eb160000, 0x0000000100000000, 0x0000000100000000)
  eden space 341760K, 0% used [0x00000000eb160000,0x00000000eb160000,0x00000000fff20000)
  from space 448K, 57% used [0x00000000fff20000,0x00000000fff60000,0x00000000fff90000)
  to   space 448K, 0% used [0x00000000fff90000,0x00000000fff90000,0x0000000100000000)
 ParOldGen       total 42880K, used 29135K [0x00000000c1400000, 0x00000000c3de0000, 0x00000000eb160000)
  object space 42880K, 67% used [0x00000000c1400000,0x00000000c3073c78,0x00000000c3de0000)
 PSPermGen       total 21248K, used 13136K [0x00000000bc200000, 0x00000000bd6c0000, 0x00000000c1400000)
  object space 21248K, 61% used [0x00000000bc200000,0x00000000bced43f0,0x00000000bd6c0000)
}
Event: 5.826 GC heap before
{Heap before GC invocations=410 (full 0):
 PSYoungGen      total 342208K, used 342016K [0x00000000eb160000, 0x0000000100000000, 0x0000000100000000)
  eden space 341760K, 100% used [0x00000000eb160000,0x00000000fff20000,0x00000000fff20000)
  from space 448K, 57% used [0x00000000fff20000,0x00000000fff60000,0x00000000fff90000)
  to   space 448K, 0% used [0x00000000fff90000,0x00000000fff90000,0x0000000100000000)
 ParOldGen       total 42880K, used 29135K [0x00000000c1400000, 0x00000000c3de0000, 0x00000000eb160000)
  object space 42880K, 67% used [0x00000000c1400000,0x00000000c3073c78,0x00000000c3de0000)
 PSPermGen       total 21248K, used 13137K [0x00000000bc200000, 0x00000000bd6c0000, 0x00000000c1400000)
  object space 21248K, 61% used [0x00000000bc200000,0x00000000bced4498,0x00000000bd6c0000)
Event: 5.827 GC heap after
Heap after GC invocations=410 (full 0):
 PSYoungGen      total 342208K, used 416K [0x00000000eb160000, 0x0000000100000000, 0x0000000100000000)
  eden space 341760K, 0% used [0x00000000eb160000,0x00000000eb160000,0x00000000fff20000)
  from space 448K, 92% used [0x00000000fff90000,0x00000000ffff8000,0x0000000100000000)
  to   space 448K, 0% used [0x00000000fff20000,0x00000000fff20000,0x00000000fff90000)
 ParOldGen       total 42880K, used 29193K [0x00000000c1400000, 0x00000000c3de0000, 0x00000000eb160000)
  object space 42880K, 68% used [0x00000000c1400000,0x00000000c30825e8,0x00000000c3de0000)
 PSPermGen       total 21248K, used 13137K [0x00000000bc200000, 0x00000000bd6c0000, 0x00000000c1400000)
  object space 21248K, 61% used [0x00000000bc200000,0x00000000bced4498,0x00000000bd6c0000)
}
Event: 5.847 GC heap before
{Heap before GC invocations=411 (full 0):
 PSYoungGen      total 342208K, used 342176K [0x00000000eb160000, 0x0000000100000000, 0x0000000100000000)
  eden space 341760K, 100% used [0x00000000eb160000,0x00000000fff20000,0x00000000fff20000)
  from space 448K, 92% used [0x00000000fff90000,0x00000000ffff8000,0x0000000100000000)
  to   space 448K, 0% used [0x00000000fff20000,0x00000000fff20000,0x00000000fff90000)
 ParOldGen       total 42880K, used 29193K [0x00000000c1400000, 0x00000000c3de0000, 0x00000000eb160000)
  object space 42880K, 68% used [0x00000000c1400000,0x00000000c30825e8,0x00000000c3de0000)
 PSPermGen       total 21248K, used 13137K [0x00000000bc200000, 0x00000000bd6c0000, 0x00000000c1400000)
  object space 21248K, 61% used [0x00000000bc200000,0x00000000bced4570,0x00000000bd6c0000)
Event: 5.848 GC heap after
Heap after GC invocations=411 (full 0):
 PSYoungGen      total 342208K, used 288K [0x00000000eb160000, 0x0000000100000000, 0x0000000100000000)
  eden space 341760K, 0% used [0x00000000eb160000,0x00000000eb160000,0x00000000fff20000)
  from space 448K, 64% used [0x00000000fff20000,0x00000000fff68000,0x00000000fff90000)
  to   space 448K, 0% used [0x00000000fff90000,0x00000000fff90000,0x0000000100000000)
 ParOldGen       total 42880K, used 29428K [0x00000000c1400000, 0x00000000c3de0000, 0x00000000eb160000)
  object space 42880K, 68% used [0x00000000c1400000,0x00000000c30bd0b8,0x00000000c3de0000)
 PSPermGen       total 21248K, used 13137K [0x00000000bc200000, 0x00000000bd6c0000, 0x00000000c1400000)
  object space 21248K, 61% used [0x00000000bc200000,0x00000000bced4570,0x00000000bd6c0000)
}
Event: 5.871 GC heap before
{Heap before GC invocations=412 (full 0):
 PSYoungGen      total 342208K, used 342048K [0x00000000eb160000, 0x0000000100000000, 0x0000000100000000)
  eden space 341760K, 100% used [0x00000000eb160000,0x00000000fff20000,0x00000000fff20000)
  from space 448K, 64% used [0x00000000fff20000,0x00000000fff68000,0x00000000fff90000)
  to   space 448K, 0% used [0x00000000fff90000,0x00000000fff90000,0x0000000100000000)
 ParOldGen       total 42880K, used 29428K [0x00000000c1400000, 0x00000000c3de0000, 0x00000000eb160000)
  object space 42880K, 68% used [0x00000000c1400000,0x00000000c30bd0b8,0x00000000c3de0000)
 PSPermGen       total 21248K, used 13137K [0x00000000bc200000, 0x00000000bd6c0000, 0x00000000c1400000)
  object space 21248K, 61% used [0x00000000bc200000,0x00000000bced47f8,0x00000000bd6c0000)
Event: 5.884 GC heap after
Heap after GC invocations=412 (full 0):
 PSYoungGen      total 342208K, used 192K [0x00000000eb160000, 0x0000000100000000, 0x0000000100000000)
  eden space 341760K, 0% used [0x00000000eb160000,0x00000000eb160000,0x00000000fff20000)
  from space 448K, 42% used [0x00000000fff90000,0x00000000fffc0000,0x0000000100000000)
  to   space 448K, 0% used [0x00000000fff20000,0x00000000fff20000,0x00000000fff90000)
 ParOldGen       total 42880K, used 38363K [0x00000000c1400000, 0x00000000c3de0000, 0x00000000eb160000)
  object space 42880K, 89% used [0x00000000c1400000,0x00000000c3976ca0,0x00000000c3de0000)
 PSPermGen       total 21248K, used 13137K [0x00000000bc200000, 0x00000000bd6c0000, 0x00000000c1400000)
  object space 21248K, 61% used [0x00000000bc200000,0x00000000bced47f8,0x00000000bd6c0000)
}
Event: 5.884 GC heap before
{Heap before GC invocations=413 (full 1):
 PSYoungGen      total 342208K, used 192K [0x00000000eb160000, 0x0000000100000000, 0x0000000100000000)
  eden space 341760K, 0% used [0x00000000eb160000,0x00000000eb160000,0x00000000fff20000)
  from space 448K, 42% used [0x00000000fff90000,0x00000000fffc0000,0x0000000100000000)
  to   space 448K, 0% used [0x00000000fff20000,0x00000000fff20000,0x00000000fff90000)
 ParOldGen       total 42880K, used 38363K [0x00000000c1400000, 0x00000000c3de0000, 0x00000000eb160000)
  object space 42880K, 89% used [0x00000000c1400000,0x00000000c3976ca0,0x00000000c3de0000)
 PSPermGen       total 21248K, used 13137K [0x00000000bc200000, 0x00000000bd6c0000, 0x00000000c1400000)
  object space 21248K, 61% used [0x00000000bc200000,0x00000000bced47f8,0x00000000bd6c0000)
Event: 5.920 GC heap after
Heap after GC invocations=413 (full 1):
 PSYoungGen      total 342208K, used 0K [0x00000000eb160000, 0x0000000100000000, 0x0000000100000000)
  eden space 341760K, 0% used [0x00000000eb160000,0x00000000eb160000,0x00000000fff20000)
  from space 448K, 0% used [0x00000000fff90000,0x00000000fff90000,0x0000000100000000)
  to   space 448K, 0% used [0x00000000fff20000,0x00000000fff20000,0x00000000fff90000)
 ParOldGen       total 29632K, used 5342K [0x00000000c1400000, 0x00000000c30f0000, 0x00000000eb160000)
  object space 29632K, 18% used [0x00000000c1400000,0x00000000c1937960,0x00000000c30f0000)
 PSPermGen       total 26560K, used 13131K [0x00000000bc200000, 0x00000000bdbf0000, 0x00000000c1400000)
  object space 26560K, 49% used [0x00000000bc200000,0x00000000bced2fb0,0x00000000bdbf0000)
}

